1573217889352	mozrunner::runner	INFO	Running command: "/Applications/Firefox.app/Contents/MacOS/firefox-bin" "-marionette" "-foreground" "-no-remote" "-profile" "/var/folders/mv/fbb1_3t55lv00t2rtvjrp2380000gn/T/rust_mozprofile5swhVp"
1573217890223	addons.webextension.screenshots@mozilla.org	WARN	Loading extension 'screenshots@mozilla.org': Reading manifest: Invalid extension permission: mozillaAddons
1573217890224	addons.webextension.screenshots@mozilla.org	WARN	Loading extension 'screenshots@mozilla.org': Reading manifest: Invalid extension permission: telemetry
1573217890224	addons.webextension.screenshots@mozilla.org	WARN	Loading extension 'screenshots@mozilla.org': Reading manifest: Invalid extension permission: resource://pdf.js/
1573217890224	addons.webextension.screenshots@mozilla.org	WARN	Loading extension 'screenshots@mozilla.org': Reading manifest: Invalid extension permission: about:reader*
1573217892439	Marionette	INFO	Listening on port 56969
1573217892475	Marionette	WARN	TLS certificate errors will be ignored for this session
JavaScript error: https://www.filmaffinity.com/es/topgen.php, line 1: SyntaxError: unexpected token: ':'
1573218029609	mozrunner::runner	INFO	Running command: "/Applications/Firefox.app/Contents/MacOS/firefox-bin" "-marionette" "-foreground" "-no-remote" "-profile" "/var/folders/mv/fbb1_3t55lv00t2rtvjrp2380000gn/T/rust_mozprofileVhes1f"
1573218030122	addons.webextension.screenshots@mozilla.org	WARN	Loading extension 'screenshots@mozilla.org': Reading manifest: Invalid extension permission: mozillaAddons
1573218030123	addons.webextension.screenshots@mozilla.org	WARN	Loading extension 'screenshots@mozilla.org': Reading manifest: Invalid extension permission: telemetry
1573218030123	addons.webextension.screenshots@mozilla.org	WARN	Loading extension 'screenshots@mozilla.org': Reading manifest: Invalid extension permission: resource://pdf.js/
1573218030123	addons.webextension.screenshots@mozilla.org	WARN	Loading extension 'screenshots@mozilla.org': Reading manifest: Invalid extension permission: about:reader*
1573218032489	Marionette	INFO	Listening on port 57117
1573218032528	Marionette	WARN	TLS certificate errors will be ignored for this session
JavaScript error: https://www.filmaffinity.com/es/topgen.php, line 1: SyntaxError: unexpected token: ':'
1573218071871	Marionette	INFO	Stopped listening on port 57117
1573218187004	Marionette	INFO	Stopped listening on port 56969
1573218218820	mozrunner::runner	INFO	Running command: "/Applications/Firefox.app/Contents/MacOS/firefox-bin" "-marionette" "-foreground" "-no-remote" "-profile" "/var/folders/mv/fbb1_3t55lv00t2rtvjrp2380000gn/T/rust_mozprofile8kVnAj"
1573218219348	addons.webextension.screenshots@mozilla.org	WARN	Loading extension 'screenshots@mozilla.org': Reading manifest: Invalid extension permission: mozillaAddons
1573218219348	addons.webextension.screenshots@mozilla.org	WARN	Loading extension 'screenshots@mozilla.org': Reading manifest: Invalid extension permission: telemetry
1573218219349	addons.webextension.screenshots@mozilla.org	WARN	Loading extension 'screenshots@mozilla.org': Reading manifest: Invalid extension permission: resource://pdf.js/
1573218219349	addons.webextension.screenshots@mozilla.org	WARN	Loading extension 'screenshots@mozilla.org': Reading manifest: Invalid extension permission: about:reader*
1573218221418	Marionette	INFO	Listening on port 57259
1573218221504	Marionette	WARN	TLS certificate errors will be ignored for this session
JavaScript error: https://www.filmaffinity.com/es/topgen.php, line 1: SyntaxError: unexpected token: ':'
1573218259825	Marionette	INFO	Stopped listening on port 57259
1573218378591	mozrunner::runner	INFO	Running command: "/Applications/Firefox.app/Contents/MacOS/firefox-bin" "-marionette" "-foreground" "-no-remote" "-profile" "/var/folders/mv/fbb1_3t55lv00t2rtvjrp2380000gn/T/rust_mozprofile8cZRq1"
1573218379101	addons.webextension.screenshots@mozilla.org	WARN	Loading extension 'screenshots@mozilla.org': Reading manifest: Invalid extension permission: mozillaAddons
1573218379102	addons.webextension.screenshots@mozilla.org	WARN	Loading extension 'screenshots@mozilla.org': Reading manifest: Invalid extension permission: telemetry
1573218379102	addons.webextension.screenshots@mozilla.org	WARN	Loading extension 'screenshots@mozilla.org': Reading manifest: Invalid extension permission: resource://pdf.js/
1573218379102	addons.webextension.screenshots@mozilla.org	WARN	Loading extension 'screenshots@mozilla.org': Reading manifest: Invalid extension permission: about:reader*
1573218381175	Marionette	INFO	Listening on port 57401
1573218381276	Marionette	WARN	TLS certificate errors will be ignored for this session
JavaScript error: https://www.filmaffinity.com/es/topgen.php, line 1: SyntaxError: unexpected token: ':'
1573218407503	Marionette	INFO	Stopped listening on port 57401
1573218461516	mozrunner::runner	INFO	Running command: "/Applications/Firefox.app/Contents/MacOS/firefox-bin" "-marionette" "-foreground" "-no-remote" "-profile" "/var/folders/mv/fbb1_3t55lv00t2rtvjrp2380000gn/T/rust_mozprofilewZUroA"
1573218462046	addons.webextension.screenshots@mozilla.org	WARN	Loading extension 'screenshots@mozilla.org': Reading manifest: Invalid extension permission: mozillaAddons
1573218462046	addons.webextension.screenshots@mozilla.org	WARN	Loading extension 'screenshots@mozilla.org': Reading manifest: Invalid extension permission: telemetry
1573218462046	addons.webextension.screenshots@mozilla.org	WARN	Loading extension 'screenshots@mozilla.org': Reading manifest: Invalid extension permission: resource://pdf.js/
1573218462047	addons.webextension.screenshots@mozilla.org	WARN	Loading extension 'screenshots@mozilla.org': Reading manifest: Invalid extension permission: about:reader*
1573218464077	Marionette	INFO	Listening on port 57536
1573218464101	Marionette	WARN	TLS certificate errors will be ignored for this session
JavaScript error: https://www.filmaffinity.com/es/topgen.php, line 1: SyntaxError: unexpected token: ':'
1573218486905	Marionette	INFO	Stopped listening on port 57536
1573234729293	mozrunner::runner	INFO	Running command: "/Applications/Firefox.app/Contents/MacOS/firefox-bin" "-marionette" "-foreground" "-no-remote" "-profile" "/var/folders/mv/fbb1_3t55lv00t2rtvjrp2380000gn/T/rust_mozprofile1Yu5MD"
1573234729856	addons.webextension.screenshots@mozilla.org	WARN	Loading extension 'screenshots@mozilla.org': Reading manifest: Invalid extension permission: mozillaAddons
1573234729857	addons.webextension.screenshots@mozilla.org	WARN	Loading extension 'screenshots@mozilla.org': Reading manifest: Invalid extension permission: telemetry
1573234729857	addons.webextension.screenshots@mozilla.org	WARN	Loading extension 'screenshots@mozilla.org': Reading manifest: Invalid extension permission: resource://pdf.js/
1573234729857	addons.webextension.screenshots@mozilla.org	WARN	Loading extension 'screenshots@mozilla.org': Reading manifest: Invalid extension permission: about:reader*
1573234732205	Marionette	INFO	Listening on port 58330
1573234732231	Marionette	WARN	TLS certificate errors will be ignored for this session
JavaScript error: https://www.filmaffinity.com/es/topgen.php, line 1: SyntaxError: unexpected token: ':'
1573234749644	Marionette	INFO	Stopped listening on port 58330
1573234779272	mozrunner::runner	INFO	Running command: "/Applications/Firefox.app/Contents/MacOS/firefox-bin" "-marionette" "-foreground" "-no-remote" "-profile" "/var/folders/mv/fbb1_3t55lv00t2rtvjrp2380000gn/T/rust_mozprofileHnGS6X"
1573234779827	addons.webextension.screenshots@mozilla.org	WARN	Loading extension 'screenshots@mozilla.org': Reading manifest: Invalid extension permission: mozillaAddons
1573234779828	addons.webextension.screenshots@mozilla.org	WARN	Loading extension 'screenshots@mozilla.org': Reading manifest: Invalid extension permission: telemetry
1573234779828	addons.webextension.screenshots@mozilla.org	WARN	Loading extension 'screenshots@mozilla.org': Reading manifest: Invalid extension permission: resource://pdf.js/
1573234779828	addons.webextension.screenshots@mozilla.org	WARN	Loading extension 'screenshots@mozilla.org': Reading manifest: Invalid extension permission: about:reader*
1573234782478	Marionette	INFO	Listening on port 58458
1573234782513	Marionette	WARN	TLS certificate errors will be ignored for this session
JavaScript error: https://www.filmaffinity.com/es/topgen.php, line 1: SyntaxError: unexpected token: ':'
1573234799629	Marionette	INFO	Stopped listening on port 58458
1573235069078	mozrunner::runner	INFO	Running command: "/Applications/Firefox.app/Contents/MacOS/firefox-bin" "-marionette" "-foreground" "-no-remote" "-profile" "/var/folders/mv/fbb1_3t55lv00t2rtvjrp2380000gn/T/rust_mozprofileNWZTXK"
1573235069628	addons.webextension.screenshots@mozilla.org	WARN	Loading extension 'screenshots@mozilla.org': Reading manifest: Invalid extension permission: mozillaAddons
1573235069628	addons.webextension.screenshots@mozilla.org	WARN	Loading extension 'screenshots@mozilla.org': Reading manifest: Invalid extension permission: telemetry
1573235069629	addons.webextension.screenshots@mozilla.org	WARN	Loading extension 'screenshots@mozilla.org': Reading manifest: Invalid extension permission: resource://pdf.js/
1573235069629	addons.webextension.screenshots@mozilla.org	WARN	Loading extension 'screenshots@mozilla.org': Reading manifest: Invalid extension permission: about:reader*
1573235071831	Marionette	INFO	Listening on port 58631
1573235071892	Marionette	WARN	TLS certificate errors will be ignored for this session
JavaScript error: https://www.filmaffinity.com/es/topgen.php, line 1: SyntaxError: unexpected token: ':'
1573235093505	Marionette	INFO	Stopped listening on port 58631
1573235458097	mozrunner::runner	INFO	Running command: "/Applications/Firefox.app/Contents/MacOS/firefox-bin" "-marionette" "-foreground" "-no-remote" "-profile" "/var/folders/mv/fbb1_3t55lv00t2rtvjrp2380000gn/T/rust_mozprofileMT34rq"
1573235458631	addons.webextension.screenshots@mozilla.org	WARN	Loading extension 'screenshots@mozilla.org': Reading manifest: Invalid extension permission: mozillaAddons
1573235458631	addons.webextension.screenshots@mozilla.org	WARN	Loading extension 'screenshots@mozilla.org': Reading manifest: Invalid extension permission: telemetry
1573235458631	addons.webextension.screenshots@mozilla.org	WARN	Loading extension 'screenshots@mozilla.org': Reading manifest: Invalid extension permission: resource://pdf.js/
1573235458631	addons.webextension.screenshots@mozilla.org	WARN	Loading extension 'screenshots@mozilla.org': Reading manifest: Invalid extension permission: about:reader*
1573235460957	Marionette	INFO	Listening on port 59017
1573235461023	Marionette	WARN	TLS certificate errors will be ignored for this session
JavaScript error: https://www.filmaffinity.com/es/topgen.php, line 1: SyntaxError: unexpected token: ':'
1573235982603	mozrunner::runner	INFO	Running command: "/Applications/Firefox.app/Contents/MacOS/firefox-bin" "-marionette" "-foreground" "-no-remote" "-profile" "/var/folders/mv/fbb1_3t55lv00t2rtvjrp2380000gn/T/rust_mozprofileNnXqK7"
1573235983136	addons.webextension.screenshots@mozilla.org	WARN	Loading extension 'screenshots@mozilla.org': Reading manifest: Invalid extension permission: mozillaAddons
1573235983136	addons.webextension.screenshots@mozilla.org	WARN	Loading extension 'screenshots@mozilla.org': Reading manifest: Invalid extension permission: telemetry
1573235983137	addons.webextension.screenshots@mozilla.org	WARN	Loading extension 'screenshots@mozilla.org': Reading manifest: Invalid extension permission: resource://pdf.js/
1573235983137	addons.webextension.screenshots@mozilla.org	WARN	Loading extension 'screenshots@mozilla.org': Reading manifest: Invalid extension permission: about:reader*
1573235985505	Marionette	INFO	Listening on port 59306
1573235985549	Marionette	WARN	TLS certificate errors will be ignored for this session
JavaScript error: https://www.filmaffinity.com/es/topgen.php, line 1: SyntaxError: unexpected token: ':'
1573236019460	Marionette	INFO	Stopped listening on port 59306
1573236278942	mozrunner::runner	INFO	Running command: "/Applications/Firefox.app/Contents/MacOS/firefox-bin" "-marionette" "-foreground" "-no-remote" "-profile" "/var/folders/mv/fbb1_3t55lv00t2rtvjrp2380000gn/T/rust_mozprofileULc6Y7"
1573236279451	addons.webextension.screenshots@mozilla.org	WARN	Loading extension 'screenshots@mozilla.org': Reading manifest: Invalid extension permission: mozillaAddons
1573236279451	addons.webextension.screenshots@mozilla.org	WARN	Loading extension 'screenshots@mozilla.org': Reading manifest: Invalid extension permission: telemetry
1573236279451	addons.webextension.screenshots@mozilla.org	WARN	Loading extension 'screenshots@mozilla.org': Reading manifest: Invalid extension permission: resource://pdf.js/
1573236279451	addons.webextension.screenshots@mozilla.org	WARN	Loading extension 'screenshots@mozilla.org': Reading manifest: Invalid extension permission: about:reader*
1573236281487	Marionette	INFO	Listening on port 59575
1573236281553	Marionette	WARN	TLS certificate errors will be ignored for this session
JavaScript error: https://www.filmaffinity.com/es/topgen.php, line 1: SyntaxError: unexpected token: ':'
1573236292525	Marionette	INFO	Stopped listening on port 59575
1573236397875	mozrunner::runner	INFO	Running command: "/Applications/Firefox.app/Contents/MacOS/firefox-bin" "-marionette" "-foreground" "-no-remote" "-profile" "/var/folders/mv/fbb1_3t55lv00t2rtvjrp2380000gn/T/rust_mozprofileoHvKMX"
1573236398418	addons.webextension.screenshots@mozilla.org	WARN	Loading extension 'screenshots@mozilla.org': Reading manifest: Invalid extension permission: mozillaAddons
1573236398419	addons.webextension.screenshots@mozilla.org	WARN	Loading extension 'screenshots@mozilla.org': Reading manifest: Invalid extension permission: telemetry
1573236398419	addons.webextension.screenshots@mozilla.org	WARN	Loading extension 'screenshots@mozilla.org': Reading manifest: Invalid extension permission: resource://pdf.js/
1573236398419	addons.webextension.screenshots@mozilla.org	WARN	Loading extension 'screenshots@mozilla.org': Reading manifest: Invalid extension permission: about:reader*
1573236400661	Marionette	INFO	Listening on port 59708
1573236400672	Marionette	WARN	TLS certificate errors will be ignored for this session
JavaScript error: https://www.filmaffinity.com/es/topgen.php, line 1: SyntaxError: unexpected token: ':'
1573236410828	Marionette	INFO	Stopped listening on port 59708
1573236522552	mozrunner::runner	INFO	Running command: "/Applications/Firefox.app/Contents/MacOS/firefox-bin" "-marionette" "-foreground" "-no-remote" "-profile" "/var/folders/mv/fbb1_3t55lv00t2rtvjrp2380000gn/T/rust_mozprofileSHQMlj"
1573236523064	addons.webextension.screenshots@mozilla.org	WARN	Loading extension 'screenshots@mozilla.org': Reading manifest: Invalid extension permission: mozillaAddons
1573236523064	addons.webextension.screenshots@mozilla.org	WARN	Loading extension 'screenshots@mozilla.org': Reading manifest: Invalid extension permission: telemetry
1573236523065	addons.webextension.screenshots@mozilla.org	WARN	Loading extension 'screenshots@mozilla.org': Reading manifest: Invalid extension permission: resource://pdf.js/
1573236523065	addons.webextension.screenshots@mozilla.org	WARN	Loading extension 'screenshots@mozilla.org': Reading manifest: Invalid extension permission: about:reader*
1573236525027	Marionette	INFO	Listening on port 59835
1573236525063	Marionette	WARN	TLS certificate errors will be ignored for this session
JavaScript error: https://www.filmaffinity.com/es/topgen.php, line 1: SyntaxError: unexpected token: ':'
JavaScript warning: https://static.adsafeprotected.com/sca.17.4.95.js, line 32: Array.slice is deprecated; use Array.prototype.slice instead
JavaScript error: https://static.adsafeprotected.com/main.19.8.25.js, line 295: TypeError: d is undefined
JavaScript error: https://static.adsafeprotected.com/main.19.8.25.js, line 295: TypeError: d is undefined
JavaScript error: https://static.adsafeprotected.com/main.19.8.25.js, line 295: TypeError: d is undefined
1573236537541	Marionette	INFO	Stopped listening on port 59835
1573236614678	mozrunner::runner	INFO	Running command: "/Applications/Firefox.app/Contents/MacOS/firefox-bin" "-marionette" "-foreground" "-no-remote" "-profile" "/var/folders/mv/fbb1_3t55lv00t2rtvjrp2380000gn/T/rust_mozprofiledmrbUg"
1573236615179	addons.webextension.screenshots@mozilla.org	WARN	Loading extension 'screenshots@mozilla.org': Reading manifest: Invalid extension permission: mozillaAddons
1573236615179	addons.webextension.screenshots@mozilla.org	WARN	Loading extension 'screenshots@mozilla.org': Reading manifest: Invalid extension permission: telemetry
1573236615180	addons.webextension.screenshots@mozilla.org	WARN	Loading extension 'screenshots@mozilla.org': Reading manifest: Invalid extension permission: resource://pdf.js/
1573236615180	addons.webextension.screenshots@mozilla.org	WARN	Loading extension 'screenshots@mozilla.org': Reading manifest: Invalid extension permission: about:reader*
1573236617179	Marionette	INFO	Listening on port 59985
1573236617270	Marionette	WARN	TLS certificate errors will be ignored for this session
JavaScript error: https://www.filmaffinity.com/es/topgen.php, line 1: SyntaxError: unexpected token: ':'
1573236626984	Marionette	INFO	Stopped listening on port 59985
1573237057859	mozrunner::runner	INFO	Running command: "/Applications/Firefox.app/Contents/MacOS/firefox-bin" "-marionette" "-foreground" "-no-remote" "-profile" "/var/folders/mv/fbb1_3t55lv00t2rtvjrp2380000gn/T/rust_mozprofile9B39en"
1573237058400	addons.webextension.screenshots@mozilla.org	WARN	Loading extension 'screenshots@mozilla.org': Reading manifest: Invalid extension permission: mozillaAddons
1573237058400	addons.webextension.screenshots@mozilla.org	WARN	Loading extension 'screenshots@mozilla.org': Reading manifest: Invalid extension permission: telemetry
1573237058400	addons.webextension.screenshots@mozilla.org	WARN	Loading extension 'screenshots@mozilla.org': Reading manifest: Invalid extension permission: resource://pdf.js/
1573237058400	addons.webextension.screenshots@mozilla.org	WARN	Loading extension 'screenshots@mozilla.org': Reading manifest: Invalid extension permission: about:reader*
1573237060820	Marionette	INFO	Listening on port 60320
1573237060869	Marionette	WARN	TLS certificate errors will be ignored for this session
JavaScript error: https://www.filmaffinity.com/es/topgen.php, line 1: SyntaxError: unexpected token: ':'
1573237086634	Marionette	INFO	Stopped listening on port 60320
1573237164921	mozrunner::runner	INFO	Running command: "/Applications/Firefox.app/Contents/MacOS/firefox-bin" "-marionette" "-foreground" "-no-remote" "-profile" "/var/folders/mv/fbb1_3t55lv00t2rtvjrp2380000gn/T/rust_mozprofileogccn3"
1573237165449	addons.webextension.screenshots@mozilla.org	WARN	Loading extension 'screenshots@mozilla.org': Reading manifest: Invalid extension permission: mozillaAddons
1573237165449	addons.webextension.screenshots@mozilla.org	WARN	Loading extension 'screenshots@mozilla.org': Reading manifest: Invalid extension permission: telemetry
1573237165450	addons.webextension.screenshots@mozilla.org	WARN	Loading extension 'screenshots@mozilla.org': Reading manifest: Invalid extension permission: resource://pdf.js/
1573237165450	addons.webextension.screenshots@mozilla.org	WARN	Loading extension 'screenshots@mozilla.org': Reading manifest: Invalid extension permission: about:reader*
1573237167845	Marionette	INFO	Listening on port 60460
1573237167927	Marionette	WARN	TLS certificate errors will be ignored for this session
JavaScript error: https://www.filmaffinity.com/es/topgen.php, line 1: SyntaxError: unexpected token: ':'
1573237250726	mozrunner::runner	INFO	Running command: "/Applications/Firefox.app/Contents/MacOS/firefox-bin" "-marionette" "-foreground" "-no-remote" "-profile" "/var/folders/mv/fbb1_3t55lv00t2rtvjrp2380000gn/T/rust_mozprofileRkvWqm"
1573237251291	addons.webextension.screenshots@mozilla.org	WARN	Loading extension 'screenshots@mozilla.org': Reading manifest: Invalid extension permission: mozillaAddons
1573237251291	addons.webextension.screenshots@mozilla.org	WARN	Loading extension 'screenshots@mozilla.org': Reading manifest: Invalid extension permission: telemetry
1573237251291	addons.webextension.screenshots@mozilla.org	WARN	Loading extension 'screenshots@mozilla.org': Reading manifest: Invalid extension permission: resource://pdf.js/
1573237251292	addons.webextension.screenshots@mozilla.org	WARN	Loading extension 'screenshots@mozilla.org': Reading manifest: Invalid extension permission: about:reader*
1573237253468	Marionette	INFO	Listening on port 60604
1573237253568	Marionette	WARN	TLS certificate errors will be ignored for this session
JavaScript error: https://www.filmaffinity.com/es/topgen.php, line 1: SyntaxError: unexpected token: ':'
1573237294508	Marionette	INFO	Stopped listening on port 60604
1573237758261	Marionette	INFO	Stopped listening on port 60460
1573238222041	mozrunner::runner	INFO	Running command: "/Applications/Firefox.app/Contents/MacOS/firefox-bin" "-marionette" "-foreground" "-no-remote" "-profile" "/var/folders/mv/fbb1_3t55lv00t2rtvjrp2380000gn/T/rust_mozprofile7riy57"
1573238222653	addons.webextension.screenshots@mozilla.org	WARN	Loading extension 'screenshots@mozilla.org': Reading manifest: Invalid extension permission: mozillaAddons
1573238222653	addons.webextension.screenshots@mozilla.org	WARN	Loading extension 'screenshots@mozilla.org': Reading manifest: Invalid extension permission: telemetry
1573238222653	addons.webextension.screenshots@mozilla.org	WARN	Loading extension 'screenshots@mozilla.org': Reading manifest: Invalid extension permission: resource://pdf.js/
1573238222653	addons.webextension.screenshots@mozilla.org	WARN	Loading extension 'screenshots@mozilla.org': Reading manifest: Invalid extension permission: about:reader*
1573238224707	Marionette	INFO	Listening on port 61044
1573238224746	Marionette	WARN	TLS certificate errors will be ignored for this session
JavaScript error: https://www.filmaffinity.com/es/topgen.php, line 1: SyntaxError: unexpected token: ':'
1573238243442	Marionette	INFO	Stopped listening on port 61044
1573238261470	mozrunner::runner	INFO	Running command: "/Applications/Firefox.app/Contents/MacOS/firefox-bin" "-marionette" "-foreground" "-no-remote" "-profile" "/var/folders/mv/fbb1_3t55lv00t2rtvjrp2380000gn/T/rust_mozprofile71cinc"
1573238262052	addons.webextension.screenshots@mozilla.org	WARN	Loading extension 'screenshots@mozilla.org': Reading manifest: Invalid extension permission: mozillaAddons
1573238262052	addons.webextension.screenshots@mozilla.org	WARN	Loading extension 'screenshots@mozilla.org': Reading manifest: Invalid extension permission: telemetry
1573238262052	addons.webextension.screenshots@mozilla.org	WARN	Loading extension 'screenshots@mozilla.org': Reading manifest: Invalid extension permission: resource://pdf.js/
1573238262052	addons.webextension.screenshots@mozilla.org	WARN	Loading extension 'screenshots@mozilla.org': Reading manifest: Invalid extension permission: about:reader*
1573238264359	Marionette	INFO	Listening on port 61172
1573238264395	Marionette	WARN	TLS certificate errors will be ignored for this session
JavaScript error: https://www.filmaffinity.com/es/topgen.php, line 1: SyntaxError: unexpected token: ':'
JavaScript warning: https://static.adsafeprotected.com/sca.17.4.95.js, line 32: Array.slice is deprecated; use Array.prototype.slice instead
1573238305316	Marionette	INFO	Stopped listening on port 61172
1573238875491	mozrunner::runner	INFO	Running command: "/Applications/Firefox.app/Contents/MacOS/firefox-bin" "-marionette" "-foreground" "-no-remote" "-profile" "/var/folders/mv/fbb1_3t55lv00t2rtvjrp2380000gn/T/rust_mozprofile4pUw5T"
1573238875987	addons.webextension.screenshots@mozilla.org	WARN	Loading extension 'screenshots@mozilla.org': Reading manifest: Invalid extension permission: mozillaAddons
1573238875987	addons.webextension.screenshots@mozilla.org	WARN	Loading extension 'screenshots@mozilla.org': Reading manifest: Invalid extension permission: telemetry
1573238875987	addons.webextension.screenshots@mozilla.org	WARN	Loading extension 'screenshots@mozilla.org': Reading manifest: Invalid extension permission: resource://pdf.js/
1573238875987	addons.webextension.screenshots@mozilla.org	WARN	Loading extension 'screenshots@mozilla.org': Reading manifest: Invalid extension permission: about:reader*
1573238878163	Marionette	INFO	Listening on port 61386
1573238878188	Marionette	WARN	TLS certificate errors will be ignored for this session
JavaScript error: https://www.filmaffinity.com/es/topgen.php, line 1: SyntaxError: unexpected token: ':'
1573238917809	Marionette	INFO	Stopped listening on port 61386
1573238945002	mozrunner::runner	INFO	Running command: "/Applications/Firefox.app/Contents/MacOS/firefox-bin" "-marionette" "-foreground" "-no-remote" "-profile" "/var/folders/mv/fbb1_3t55lv00t2rtvjrp2380000gn/T/rust_mozprofileyJYCHw"
1573238945514	addons.webextension.screenshots@mozilla.org	WARN	Loading extension 'screenshots@mozilla.org': Reading manifest: Invalid extension permission: mozillaAddons
1573238945514	addons.webextension.screenshots@mozilla.org	WARN	Loading extension 'screenshots@mozilla.org': Reading manifest: Invalid extension permission: telemetry
1573238945514	addons.webextension.screenshots@mozilla.org	WARN	Loading extension 'screenshots@mozilla.org': Reading manifest: Invalid extension permission: resource://pdf.js/
1573238945514	addons.webextension.screenshots@mozilla.org	WARN	Loading extension 'screenshots@mozilla.org': Reading manifest: Invalid extension permission: about:reader*
1573238947505	Marionette	INFO	Listening on port 61526
1573238947515	Marionette	WARN	TLS certificate errors will be ignored for this session
JavaScript error: https://www.filmaffinity.com/es/topgen.php, line 1: SyntaxError: unexpected token: ':'
1573239485071	Marionette	INFO	Stopped listening on port 61526
1573240077173	Marionette	INFO	Stopped listening on port 59017
1573240706272	mozrunner::runner	INFO	Running command: "/Applications/Firefox.app/Contents/MacOS/firefox-bin" "-marionette" "-foreground" "-no-remote" "-profile" "/var/folders/mv/fbb1_3t55lv00t2rtvjrp2380000gn/T/rust_mozprofilep9YK0b"
1573240706893	addons.webextension.screenshots@mozilla.org	WARN	Loading extension 'screenshots@mozilla.org': Reading manifest: Invalid extension permission: mozillaAddons
1573240706893	addons.webextension.screenshots@mozilla.org	WARN	Loading extension 'screenshots@mozilla.org': Reading manifest: Invalid extension permission: telemetry
1573240706894	addons.webextension.screenshots@mozilla.org	WARN	Loading extension 'screenshots@mozilla.org': Reading manifest: Invalid extension permission: resource://pdf.js/
1573240706894	addons.webextension.screenshots@mozilla.org	WARN	Loading extension 'screenshots@mozilla.org': Reading manifest: Invalid extension permission: about:reader*
1573240709512	Marionette	INFO	Listening on port 62180
1573240709616	Marionette	WARN	TLS certificate errors will be ignored for this session
JavaScript error: https://www.filmaffinity.com/es/topgen.php, line 1: SyntaxError: unexpected token: ':'
1573240734691	Marionette	INFO	Stopped listening on port 62180
1573241011321	mozrunner::runner	INFO	Running command: "/Applications/Firefox.app/Contents/MacOS/firefox-bin" "-marionette" "-foreground" "-no-remote" "-profile" "/var/folders/mv/fbb1_3t55lv00t2rtvjrp2380000gn/T/rust_mozprofileGn16Vs"
1573241011887	addons.webextension.screenshots@mozilla.org	WARN	Loading extension 'screenshots@mozilla.org': Reading manifest: Invalid extension permission: mozillaAddons
1573241011887	addons.webextension.screenshots@mozilla.org	WARN	Loading extension 'screenshots@mozilla.org': Reading manifest: Invalid extension permission: telemetry
1573241011887	addons.webextension.screenshots@mozilla.org	WARN	Loading extension 'screenshots@mozilla.org': Reading manifest: Invalid extension permission: resource://pdf.js/
1573241011888	addons.webextension.screenshots@mozilla.org	WARN	Loading extension 'screenshots@mozilla.org': Reading manifest: Invalid extension permission: about:reader*
1573241014129	Marionette	INFO	Listening on port 62433
1573241014218	Marionette	WARN	TLS certificate errors will be ignored for this session
JavaScript error: https://www.filmaffinity.com/es/topgen.php, line 1: SyntaxError: unexpected token: ':'
1573241025586	Marionette	INFO	Stopped listening on port 62433
1573296459564	mozrunner::runner	INFO	Running command: "/Applications/Firefox.app/Contents/MacOS/firefox-bin" "-marionette" "-foreground" "-no-remote" "-profile" "/var/folders/mv/fbb1_3t55lv00t2rtvjrp2380000gn/T/rust_mozprofiledbmCJF"
1573296460401	addons.webextension.screenshots@mozilla.org	WARN	Loading extension 'screenshots@mozilla.org': Reading manifest: Invalid extension permission: mozillaAddons
1573296460401	addons.webextension.screenshots@mozilla.org	WARN	Loading extension 'screenshots@mozilla.org': Reading manifest: Invalid extension permission: telemetry
1573296460402	addons.webextension.screenshots@mozilla.org	WARN	Loading extension 'screenshots@mozilla.org': Reading manifest: Invalid extension permission: resource://pdf.js/
1573296460402	addons.webextension.screenshots@mozilla.org	WARN	Loading extension 'screenshots@mozilla.org': Reading manifest: Invalid extension permission: about:reader*
1573296462720	Marionette	INFO	Listening on port 52262
1573296462766	Marionette	WARN	TLS certificate errors will be ignored for this session
JavaScript error: https://www.filmaffinity.com/es/topgen.php, line 1: SyntaxError: unexpected token: ':'
1573297277775	Marionette	INFO	Stopped listening on port 52262
1573297959377	mozrunner::runner	INFO	Running command: "/Applications/Firefox.app/Contents/MacOS/firefox-bin" "-marionette" "-foreground" "-no-remote" "-profile" "/var/folders/mv/fbb1_3t55lv00t2rtvjrp2380000gn/T/rust_mozprofileDSEtKc"
1573297959977	addons.webextension.screenshots@mozilla.org	WARN	Loading extension 'screenshots@mozilla.org': Reading manifest: Invalid extension permission: mozillaAddons
1573297959977	addons.webextension.screenshots@mozilla.org	WARN	Loading extension 'screenshots@mozilla.org': Reading manifest: Invalid extension permission: telemetry
1573297959977	addons.webextension.screenshots@mozilla.org	WARN	Loading extension 'screenshots@mozilla.org': Reading manifest: Invalid extension permission: resource://pdf.js/
1573297959977	addons.webextension.screenshots@mozilla.org	WARN	Loading extension 'screenshots@mozilla.org': Reading manifest: Invalid extension permission: about:reader*
1573297963231	Marionette	INFO	Listening on port 53011
1573297963326	Marionette	WARN	TLS certificate errors will be ignored for this session
JavaScript error: https://www.filmaffinity.com/es/topgen.php, line 1: SyntaxError: unexpected token: ':'
1573298009562	Marionette	INFO	Stopped listening on port 53011
console.error: (new Error("Connection closed before committing the transaction.", "resource://gre/modules/Sqlite.jsm", 683))
1573298189192	mozrunner::runner	INFO	Running command: "/Applications/Firefox.app/Contents/MacOS/firefox-bin" "-marionette" "-foreground" "-no-remote" "-profile" "/var/folders/mv/fbb1_3t55lv00t2rtvjrp2380000gn/T/rust_mozprofileig06t4"
1573298189688	addons.webextension.screenshots@mozilla.org	WARN	Loading extension 'screenshots@mozilla.org': Reading manifest: Invalid extension permission: mozillaAddons
1573298189688	addons.webextension.screenshots@mozilla.org	WARN	Loading extension 'screenshots@mozilla.org': Reading manifest: Invalid extension permission: telemetry
1573298189688	addons.webextension.screenshots@mozilla.org	WARN	Loading extension 'screenshots@mozilla.org': Reading manifest: Invalid extension permission: resource://pdf.js/
1573298189688	addons.webextension.screenshots@mozilla.org	WARN	Loading extension 'screenshots@mozilla.org': Reading manifest: Invalid extension permission: about:reader*
1573298191999	Marionette	INFO	Listening on port 53184
1573298192093	Marionette	WARN	TLS certificate errors will be ignored for this session
JavaScript error: https://www.filmaffinity.com/es/topgen.php, line 1: SyntaxError: unexpected token: ':'
1573298263648	Marionette	INFO	Stopped listening on port 53184
console.error: (new Error("Connection closed before committing the transaction.", "resource://gre/modules/Sqlite.jsm", 683))
1573298703914	mozrunner::runner	INFO	Running command: "/Applications/Firefox.app/Contents/MacOS/firefox-bin" "-marionette" "-foreground" "-no-remote" "-profile" "/var/folders/mv/fbb1_3t55lv00t2rtvjrp2380000gn/T/rust_mozprofileeUQZ49"
1573298704462	addons.webextension.screenshots@mozilla.org	WARN	Loading extension 'screenshots@mozilla.org': Reading manifest: Invalid extension permission: mozillaAddons
1573298704462	addons.webextension.screenshots@mozilla.org	WARN	Loading extension 'screenshots@mozilla.org': Reading manifest: Invalid extension permission: telemetry
1573298704463	addons.webextension.screenshots@mozilla.org	WARN	Loading extension 'screenshots@mozilla.org': Reading manifest: Invalid extension permission: resource://pdf.js/
1573298704463	addons.webextension.screenshots@mozilla.org	WARN	Loading extension 'screenshots@mozilla.org': Reading manifest: Invalid extension permission: about:reader*
1573298706750	Marionette	INFO	Listening on port 53408
1573298706832	Marionette	WARN	TLS certificate errors will be ignored for this session
JavaScript warning: https://www.filmaffinity.com/js/jquery/jquery-1.10.2.min.js, line 2: Using //@ to indicate sourceMappingURL pragmas is deprecated. Use //# instead
1573298769372	mozrunner::runner	INFO	Running command: "/Applications/Firefox.app/Contents/MacOS/firefox-bin" "-marionette" "-foreground" "-no-remote" "-profile" "/var/folders/mv/fbb1_3t55lv00t2rtvjrp2380000gn/T/rust_mozprofile5kZdOL"
1573298769912	addons.webextension.screenshots@mozilla.org	WARN	Loading extension 'screenshots@mozilla.org': Reading manifest: Invalid extension permission: mozillaAddons
1573298769912	addons.webextension.screenshots@mozilla.org	WARN	Loading extension 'screenshots@mozilla.org': Reading manifest: Invalid extension permission: telemetry
1573298769913	addons.webextension.screenshots@mozilla.org	WARN	Loading extension 'screenshots@mozilla.org': Reading manifest: Invalid extension permission: resource://pdf.js/
1573298769913	addons.webextension.screenshots@mozilla.org	WARN	Loading extension 'screenshots@mozilla.org': Reading manifest: Invalid extension permission: about:reader*
1573298772316	Marionette	INFO	Listening on port 53517
1573298772334	Marionette	WARN	TLS certificate errors will be ignored for this session
JavaScript error: https://www.filmaffinity.com/es/topgen.php, line 1: SyntaxError: unexpected token: ':'
1573298802114	Marionette	INFO	Stopped listening on port 53517
1573298910512	mozrunner::runner	INFO	Running command: "/Applications/Firefox.app/Contents/MacOS/firefox-bin" "-marionette" "-foreground" "-no-remote" "-profile" "/var/folders/mv/fbb1_3t55lv00t2rtvjrp2380000gn/T/rust_mozprofilejXBYw3"
1573298911078	addons.webextension.screenshots@mozilla.org	WARN	Loading extension 'screenshots@mozilla.org': Reading manifest: Invalid extension permission: mozillaAddons
1573298911078	addons.webextension.screenshots@mozilla.org	WARN	Loading extension 'screenshots@mozilla.org': Reading manifest: Invalid extension permission: telemetry
1573298911078	addons.webextension.screenshots@mozilla.org	WARN	Loading extension 'screenshots@mozilla.org': Reading manifest: Invalid extension permission: resource://pdf.js/
1573298911078	addons.webextension.screenshots@mozilla.org	WARN	Loading extension 'screenshots@mozilla.org': Reading manifest: Invalid extension permission: about:reader*
1573298913526	Marionette	INFO	Listening on port 53678
1573298913549	Marionette	WARN	TLS certificate errors will be ignored for this session
JavaScript error: https://www.filmaffinity.com/es/topgen.php, line 1: SyntaxError: unexpected token: ':'
1573298922858	Marionette	INFO	Stopped listening on port 53678
1573299206833	mozrunner::runner	INFO	Running command: "/Applications/Firefox.app/Contents/MacOS/firefox-bin" "-marionette" "-foreground" "-no-remote" "-profile" "/var/folders/mv/fbb1_3t55lv00t2rtvjrp2380000gn/T/rust_mozprofileZXWFQA"
1573299207421	addons.webextension.screenshots@mozilla.org	WARN	Loading extension 'screenshots@mozilla.org': Reading manifest: Invalid extension permission: mozillaAddons
1573299207422	addons.webextension.screenshots@mozilla.org	WARN	Loading extension 'screenshots@mozilla.org': Reading manifest: Invalid extension permission: telemetry
1573299207422	addons.webextension.screenshots@mozilla.org	WARN	Loading extension 'screenshots@mozilla.org': Reading manifest: Invalid extension permission: resource://pdf.js/
1573299207422	addons.webextension.screenshots@mozilla.org	WARN	Loading extension 'screenshots@mozilla.org': Reading manifest: Invalid extension permission: about:reader*
1573299209838	Marionette	INFO	Listening on port 53899
1573299209869	Marionette	WARN	TLS certificate errors will be ignored for this session
JavaScript error: https://www.filmaffinity.com/es/topgen.php, line 1: SyntaxError: unexpected token: ':'
1573299240858	Marionette	INFO	Stopped listening on port 53899
1573299428258	mozrunner::runner	INFO	Running command: "/Applications/Firefox.app/Contents/MacOS/firefox-bin" "-marionette" "-foreground" "-no-remote" "-profile" "/var/folders/mv/fbb1_3t55lv00t2rtvjrp2380000gn/T/rust_mozprofileMiKrK0"
1573299428895	addons.webextension.screenshots@mozilla.org	WARN	Loading extension 'screenshots@mozilla.org': Reading manifest: Invalid extension permission: mozillaAddons
1573299428895	addons.webextension.screenshots@mozilla.org	WARN	Loading extension 'screenshots@mozilla.org': Reading manifest: Invalid extension permission: telemetry
1573299428895	addons.webextension.screenshots@mozilla.org	WARN	Loading extension 'screenshots@mozilla.org': Reading manifest: Invalid extension permission: resource://pdf.js/
1573299428895	addons.webextension.screenshots@mozilla.org	WARN	Loading extension 'screenshots@mozilla.org': Reading manifest: Invalid extension permission: about:reader*
1573299431311	Marionette	INFO	Listening on port 54041
1573299431399	Marionette	WARN	TLS certificate errors will be ignored for this session
JavaScript error: https://www.filmaffinity.com/es/topgen.php, line 1: SyntaxError: unexpected token: ':'
1573299461158	Marionette	INFO	Stopped listening on port 54041
1573411078081	mozrunner::runner	INFO	Running command: "/Applications/Firefox.app/Contents/MacOS/firefox-bin" "-marionette" "-foreground" "-no-remote" "-profile" "/var/folders/mv/fbb1_3t55lv00t2rtvjrp2380000gn/T/rust_mozprofileJaQY2q"
1573411078591	addons.webextension.screenshots@mozilla.org	WARN	Loading extension 'screenshots@mozilla.org': Reading manifest: Invalid extension permission: mozillaAddons
1573411078591	addons.webextension.screenshots@mozilla.org	WARN	Loading extension 'screenshots@mozilla.org': Reading manifest: Invalid extension permission: telemetry
1573411078591	addons.webextension.screenshots@mozilla.org	WARN	Loading extension 'screenshots@mozilla.org': Reading manifest: Invalid extension permission: resource://pdf.js/
1573411078591	addons.webextension.screenshots@mozilla.org	WARN	Loading extension 'screenshots@mozilla.org': Reading manifest: Invalid extension permission: about:reader*
1573411080924	Marionette	INFO	Listening on port 59123
1573411080995	Marionette	WARN	TLS certificate errors will be ignored for this session
JavaScript error: https://www.filmaffinity.com/es/topgen.php, line 1: SyntaxError: unexpected token: ':'
1573411117272	Marionette	INFO	Stopped listening on port 59123
1573425503594	Marionette	INFO	Stopped listening on port 53408
1573477618044	mozrunner::runner	INFO	Running command: "/Applications/Firefox.app/Contents/MacOS/firefox-bin" "-marionette" "-foreground" "-no-remote" "-profile" "/var/folders/mv/fbb1_3t55lv00t2rtvjrp2380000gn/T/rust_mozprofileCegNhR"
1573477618950	addons.webextension.screenshots@mozilla.org	WARN	Loading extension 'screenshots@mozilla.org': Reading manifest: Invalid extension permission: mozillaAddons
1573477618950	addons.webextension.screenshots@mozilla.org	WARN	Loading extension 'screenshots@mozilla.org': Reading manifest: Invalid extension permission: telemetry
1573477618950	addons.webextension.screenshots@mozilla.org	WARN	Loading extension 'screenshots@mozilla.org': Reading manifest: Invalid extension permission: resource://pdf.js/
1573477618951	addons.webextension.screenshots@mozilla.org	WARN	Loading extension 'screenshots@mozilla.org': Reading manifest: Invalid extension permission: about:reader*
1573477621348	Marionette	INFO	Listening on port 52459
1573477621417	Marionette	WARN	TLS certificate errors will be ignored for this session
JavaScript error: https://www.filmaffinity.com/es/topgen.php, line 1: SyntaxError: unexpected token: ':'
1573478441741	Marionette	INFO	Stopped listening on port 52459
1573480673739	mozrunner::runner	INFO	Running command: "/Applications/Firefox.app/Contents/MacOS/firefox-bin" "-marionette" "-foreground" "-no-remote" "-profile" "/var/folders/mv/fbb1_3t55lv00t2rtvjrp2380000gn/T/rust_mozprofile6IZeSF"
1573480674315	addons.webextension.screenshots@mozilla.org	WARN	Loading extension 'screenshots@mozilla.org': Reading manifest: Invalid extension permission: mozillaAddons
1573480674315	addons.webextension.screenshots@mozilla.org	WARN	Loading extension 'screenshots@mozilla.org': Reading manifest: Invalid extension permission: telemetry
1573480674315	addons.webextension.screenshots@mozilla.org	WARN	Loading extension 'screenshots@mozilla.org': Reading manifest: Invalid extension permission: resource://pdf.js/
1573480674315	addons.webextension.screenshots@mozilla.org	WARN	Loading extension 'screenshots@mozilla.org': Reading manifest: Invalid extension permission: about:reader*
1573480676588	Marionette	INFO	Listening on port 53221
1573480676618	Marionette	WARN	TLS certificate errors will be ignored for this session
JavaScript error: https://www.filmaffinity.com/es/topgen.php, line 1: SyntaxError: unexpected token: ':'
1573481226429	Marionette	INFO	Stopped listening on port 53221
1573482206548	mozrunner::runner	INFO	Running command: "/Applications/Firefox.app/Contents/MacOS/firefox-bin" "-marionette" "-foreground" "-no-remote" "-profile" "/var/folders/mv/fbb1_3t55lv00t2rtvjrp2380000gn/T/rust_mozprofileqMxCI1"
1573482207091	addons.webextension.screenshots@mozilla.org	WARN	Loading extension 'screenshots@mozilla.org': Reading manifest: Invalid extension permission: mozillaAddons
1573482207091	addons.webextension.screenshots@mozilla.org	WARN	Loading extension 'screenshots@mozilla.org': Reading manifest: Invalid extension permission: telemetry
1573482207091	addons.webextension.screenshots@mozilla.org	WARN	Loading extension 'screenshots@mozilla.org': Reading manifest: Invalid extension permission: resource://pdf.js/
1573482207091	addons.webextension.screenshots@mozilla.org	WARN	Loading extension 'screenshots@mozilla.org': Reading manifest: Invalid extension permission: about:reader*
1573482209474	Marionette	INFO	Listening on port 53577
1573482209575	Marionette	WARN	TLS certificate errors will be ignored for this session
JavaScript error: https://www.filmaffinity.com/es/topgen.php, line 1: SyntaxError: unexpected token: ':'
1573482766554	Marionette	INFO	Stopped listening on port 53577
1573483062526	mozrunner::runner	INFO	Running command: "/Applications/Firefox.app/Contents/MacOS/firefox-bin" "-marionette" "-foreground" "-no-remote" "-profile" "/var/folders/mv/fbb1_3t55lv00t2rtvjrp2380000gn/T/rust_mozprofileacPguc"
1573483063269	addons.webextension.screenshots@mozilla.org	WARN	Loading extension 'screenshots@mozilla.org': Reading manifest: Invalid extension permission: mozillaAddons
1573483063269	addons.webextension.screenshots@mozilla.org	WARN	Loading extension 'screenshots@mozilla.org': Reading manifest: Invalid extension permission: telemetry
1573483063269	addons.webextension.screenshots@mozilla.org	WARN	Loading extension 'screenshots@mozilla.org': Reading manifest: Invalid extension permission: resource://pdf.js/
1573483063269	addons.webextension.screenshots@mozilla.org	WARN	Loading extension 'screenshots@mozilla.org': Reading manifest: Invalid extension permission: about:reader*
1573483066246	Marionette	INFO	Listening on port 54265
1573483066339	Marionette	WARN	TLS certificate errors will be ignored for this session
JavaScript error: https://www.filmaffinity.com/es/topgen.php, line 1: SyntaxError: unexpected token: ':'
1573483103091	Marionette	INFO	Stopped listening on port 54265
1573483173991	mozrunner::runner	INFO	Running command: "/Applications/Firefox.app/Contents/MacOS/firefox-bin" "-marionette" "-foreground" "-no-remote" "-profile" "/var/folders/mv/fbb1_3t55lv00t2rtvjrp2380000gn/T/rust_mozprofilexb7MJ8"
1573483174651	addons.webextension.screenshots@mozilla.org	WARN	Loading extension 'screenshots@mozilla.org': Reading manifest: Invalid extension permission: mozillaAddons
1573483174651	addons.webextension.screenshots@mozilla.org	WARN	Loading extension 'screenshots@mozilla.org': Reading manifest: Invalid extension permission: telemetry
1573483174651	addons.webextension.screenshots@mozilla.org	WARN	Loading extension 'screenshots@mozilla.org': Reading manifest: Invalid extension permission: resource://pdf.js/
1573483174651	addons.webextension.screenshots@mozilla.org	WARN	Loading extension 'screenshots@mozilla.org': Reading manifest: Invalid extension permission: about:reader*
1573483177121	Marionette	INFO	Listening on port 54485
1573483177232	Marionette	WARN	TLS certificate errors will be ignored for this session
JavaScript error: https://www.filmaffinity.com/es/topgen.php, line 1: SyntaxError: unexpected token: ':'
1573483996964	Marionette	INFO	Stopped listening on port 54485

###!!! [Child][MessageChannel] Error: (msgtype=0x640027,name=PNecko::Msg_RemoveRequestContext) Channel closing: too late to send/recv, messages will be lost


###!!! [Child][MessageChannel] Error: (msgtype=0x640027,name=PNecko::Msg_RemoveRequestContext) Channel closing: too late to send/recv, messages will be lost

